0 info it worked if it ends with ok
1 verbose cli [ '/Users/amatirin/.nvm/versions/node/v6.10.0/bin/node',
1 verbose cli   '/Users/amatirin/.nvm/versions/node/v6.10.0/bin/npm',
1 verbose cli   'start' ]
2 info using npm@3.10.10
3 info using node@v6.10.0
4 verbose config Skipping project config: /Users/amatirin/.npmrc. (matches userconfig)
5 verbose stack Error: missing script: start
5 verbose stack     at run (/Users/amatirin/.nvm/versions/node/v6.10.0/lib/node_modules/npm/lib/run-script.js:151:19)
5 verbose stack     at /Users/amatirin/.nvm/versions/node/v6.10.0/lib/node_modules/npm/lib/run-script.js:61:5
5 verbose stack     at /Users/amatirin/.nvm/versions/node/v6.10.0/lib/node_modules/npm/node_modules/read-package-json/read-json.js:356:5
5 verbose stack     at checkBinReferences_ (/Users/amatirin/.nvm/versions/node/v6.10.0/lib/node_modules/npm/node_modules/read-package-json/read-json.js:320:45)
5 verbose stack     at final (/Users/amatirin/.nvm/versions/node/v6.10.0/lib/node_modules/npm/node_modules/read-package-json/read-json.js:354:3)
5 verbose stack     at then (/Users/amatirin/.nvm/versions/node/v6.10.0/lib/node_modules/npm/node_modules/read-package-json/read-json.js:124:5)
5 verbose stack     at /Users/amatirin/.nvm/versions/node/v6.10.0/lib/node_modules/npm/node_modules/read-package-json/read-json.js:311:12
5 verbose stack     at /Users/amatirin/.nvm/versions/node/v6.10.0/lib/node_modules/npm/node_modules/graceful-fs/graceful-fs.js:78:16
5 verbose stack     at tryToString (fs.js:455:3)
5 verbose stack     at FSReqWrap.readFileAfterClose [as oncomplete] (fs.js:442:12)
6 verbose cwd /Users/amatirin/Dev/assignments/projects/my-weather-app
7 error Darwin 16.1.0
8 error argv "/Users/amatirin/.nvm/versions/node/v6.10.0/bin/node" "/Users/amatirin/.nvm/versions/node/v6.10.0/bin/npm" "start"
9 error node v6.10.0
10 error npm  v3.10.10
11 error missing script: start
12 error If you need help, you may report this error at:
12 error     <https://github.com/npm/npm/issues>
13 verbose exit [ 1, true ]
